Initialising new SSH agent...
succeeded
Building ZCA transform...

Starting training...
1
2
3
4
5
6
7
8
9
10
11
12
13
14
15
16
17
18
19
20
21
22
23
24
25
26
27
28
29
30
31
32
33
34
35
36
37
38
39
40
41
42
43
44
45
46
47
48
49
50
51
52
53
54
55
56
57
58
59
60
61
62
63
64
65
66
67
68
69
70
71
72
73
74
75
76
77
78
79
80
81
82
83
84
85
86
87
88
89
90
91
92
93
94
95
96
97
98
99
100
101
102
103
104
105
106
107
108
109
110
111
112
113
114
115
116
117
118
119
120
Initialising new SSH agent...
succeeded
121
122
123
124
125
Building ZCA transform...

Starting training...
1
126
2
127
3
128
4
129
5
130
6
131
132
7
133
8
134
9
135
10
136
11
137
12
138
13
139
14
140
15
141
16
142
17
143
18
144
19
145
20
146
21
147
22
148
23
149
24
150
25
151
26
152
27
153
28
154
29
155
30
156
31
157
32
158
33
159
34
160
35
161
36
162
37
163
38
164
39
165
40
166
41
167
42
168
43
169
44
170
45
171
46
172
47
173
48
174
49
175
50
176
51
177
52
178
53
179
54
180
55
181
56
182
57
183
58
184
59
185
60
186
61
187
62
188
63
189
64
190
65
191
66
192
67
193
68
194
69
195
70
196
71
197
72
198
73
199
74
200
75
201
76
202
77
203
78
204
79
205
80
206
81
207
82
208
83
209
84
210
85
211
86
212
87
213
88
214
89
215
90
216
91
217
92
218
93
219
94
220
95
221
96
222
97
223
98
224
99
225
100
226
101
227
102
228
103
229
104
230
105
231
106
232
107
233
108
234
109
235
110
236
111
237
112
238
113
239
114
240
115
241
116
242
117
243
118
244
119
245
120
246
121
247
122
248
123
249
124
250
125
251
126
252
127
253
128
254
129
255
130
256
131
257
132
258
133
259
134
260
135
261
136
262
137
263
138
264
139
265
140
266
141
267
142
268
143
269
144
270
145
271
146
272
147
273
148
274
149
275
150
276
151
277
152
278
153
279
154
280
155
281
156
282
157
283
158
284
159
285
160
286
161
287
162
288
163
289
164
290
165
291
166
292
167
293
168
294
169
295
170
296
171
297
172
298
173
299
174
300
175
Training done

Testing...
176
Testing done
177
178
179
180
181
182
183
184
185
186
187
188
189
190
191
192
193
194
195
196
197
198
199
200
201
202
203
204
205
206
207
208
209
210
211
212
213
214
215
216
217
218
219
220
221
222
223
224
225
226
227
228
229
230
231
232
233
234
235
236
237
238
239
240
241
242
243
244
245
246
247
248
249
250
251
252
253
254
255
256
257
258
259
260
261
262
263
264
265
266
267
268
269
270
271
272
273
274
275
276
277
278
279
280
281
282
283
284
285
286
287
288
289
290
291
292
293
294
295
296
297
298
299
300
Training done

Testing...
Testing done
Initialising new SSH agent...
succeeded
Building ZCA transform...

Starting training...
